<?xml version="1.0" encoding="UTF-8"?>
<!-- Generated by org.testng.reporters.JUnitReportReporter -->
<testsuite skipped="0" hostname="Zhanuzaks-MacBook-Pro.local" name="runners.CukesRunnerAPI" tests="1" failures="0" timestamp="25 May 2018 16:02:07 GMT" time="2.528" errors="0">
  <testcase name="runScenario" time="2.528" classname="runners.CukesRunnerAPI"/>
</testsuite> <!-- runners.CukesRunnerAPI -->
